<?xml version="1.0" encoding="UTF-8"?>
<coverage generated="1754858656499" clover="3.2.0">
  <project timestamp="1754858656499" name="All files">
    <metrics statements="131" coveredstatements="95" conditionals="30" coveredconditionals="26" methods="11" coveredmethods="7" elements="172" coveredelements="128" complexity="0" loc="131" ncloc="131" packages="2" files="5" classes="5"/>
    <package name="src">
      <metrics statements="99" coveredstatements="66" conditionals="24" coveredconditionals="22" methods="9" coveredmethods="5"/>
      <file name="App.tsx" path="/Users/georgesomerville/dev/code-tests/react-audio/src/App.tsx">
        <metrics statements="90" coveredstatements="64" conditionals="19" coveredconditionals="18" methods="6" coveredmethods="3"/>
        <line num="1" count="1" type="stmt"/>
        <line num="7" count="1" type="cond" truecount="1" falsecount="0"/>
        <line num="8" count="17" type="stmt"/>
        <line num="9" count="17" type="stmt"/>
        <line num="10" count="17" type="stmt"/>
        <line num="11" count="17" type="stmt"/>
        <line num="13" count="17" type="cond" truecount="1" falsecount="0"/>
        <line num="14" count="1" type="stmt"/>
        <line num="15" count="1" type="cond" truecount="0" falsecount="1"/>
        <line num="17" count="1" type="stmt"/>
        <line num="18" count="1" type="stmt"/>
        <line num="19" count="1" type="stmt"/>
        <line num="20" count="1" type="stmt"/>
        <line num="22" count="1" type="stmt"/>
        <line num="23" count="1" type="stmt"/>
        <line num="24" count="1" type="stmt"/>
        <line num="26" count="17" type="stmt"/>
        <line num="27" count="0" type="stmt"/>
        <line num="28" count="0" type="stmt"/>
        <line num="30" count="0" type="stmt"/>
        <line num="31" count="0" type="stmt"/>
        <line num="32" count="0" type="stmt"/>
        <line num="33" count="0" type="stmt"/>
        <line num="35" count="0" type="stmt"/>
        <line num="36" count="0" type="stmt"/>
        <line num="38" count="0" type="stmt"/>
        <line num="39" count="0" type="stmt"/>
        <line num="40" count="0" type="stmt"/>
        <line num="41" count="0" type="stmt"/>
        <line num="43" count="17" type="stmt"/>
        <line num="44" count="0" type="stmt"/>
        <line num="45" count="0" type="stmt"/>
        <line num="46" count="0" type="stmt"/>
        <line num="48" count="0" type="stmt"/>
        <line num="50" count="0" type="stmt"/>
        <line num="51" count="0" type="stmt"/>
        <line num="52" count="0" type="stmt"/>
        <line num="53" count="0" type="stmt"/>
        <line num="54" count="0" type="stmt"/>
        <line num="56" count="17" type="stmt"/>
        <line num="57" count="0" type="stmt"/>
        <line num="58" count="0" type="stmt"/>
        <line num="59" count="0" type="stmt"/>
        <line num="61" count="0" type="stmt"/>
        <line num="62" count="0" type="stmt"/>
        <line num="64" count="17" type="stmt"/>
        <line num="65" count="17" type="cond" truecount="1" falsecount="0"/>
        <line num="66" count="13" type="cond" truecount="3" falsecount="0"/>
        <line num="68" count="1" type="cond" truecount="1" falsecount="0"/>
        <line num="70" count="1" type="stmt"/>
        <line num="71" count="17" type="stmt"/>
        <line num="73" count="17" type="stmt"/>
        <line num="75" count="17" type="stmt"/>
        <line num="77" count="17" type="cond" truecount="2" falsecount="0"/>
        <line num="79" count="11" type="stmt"/>
        <line num="81" count="11" type="stmt"/>
        <line num="82" count="11" type="stmt"/>
        <line num="83" count="11" type="stmt"/>
        <line num="84" count="11" type="stmt"/>
        <line num="85" count="11" type="stmt"/>
        <line num="88" count="11" type="stmt"/>
        <line num="89" count="11" type="stmt"/>
        <line num="90" count="11" type="stmt"/>
        <line num="91" count="11" type="stmt"/>
        <line num="92" count="11" type="stmt"/>
        <line num="93" count="11" type="cond" truecount="1" falsecount="0"/>
        <line num="94" count="1498" type="cond" truecount="1" falsecount="0"/>
        <line num="95" count="1498" type="stmt"/>
        <line num="96" count="1498" type="stmt"/>
        <line num="97" count="1498" type="stmt"/>
        <line num="98" count="1498" type="cond" truecount="2" falsecount="0"/>
        <line num="99" count="1498" type="cond" truecount="1" falsecount="0"/>
        <line num="101" count="1498" type="cond" truecount="2" falsecount="0"/>
        <line num="104" count="1498" type="stmt"/>
        <line num="107" count="17" type="stmt"/>
        <line num="108" count="17" type="stmt"/>
        <line num="109" count="17" type="stmt"/>
        <line num="112" count="17" type="stmt"/>
        <line num="115" count="17" type="stmt"/>
        <line num="116" count="17" type="stmt"/>
        <line num="117" count="17" type="stmt"/>
        <line num="118" count="17" type="stmt"/>
        <line num="119" count="17" type="stmt"/>
        <line num="120" count="17" type="cond" truecount="2" falsecount="0"/>
        <line num="121" count="17" type="stmt"/>
        <line num="122" count="17" type="stmt"/>
        <line num="126" count="17" type="stmt"/>
        <line num="127" count="17" type="stmt"/>
        <line num="131" count="17" type="stmt"/>
        <line num="133" count="1" type="stmt"/>
      </file>
      <file name="main.tsx" path="/Users/georgesomerville/dev/code-tests/react-audio/src/main.tsx">
        <metrics statements="6" coveredstatements="0" conditionals="1" coveredconditionals="0" methods="1" coveredmethods="0"/>
        <line num="1" count="0" type="cond" truecount="0" falsecount="1"/>
        <line num="2" count="0" type="stmt"/>
        <line num="3" count="0" type="stmt"/>
        <line num="5" count="0" type="stmt"/>
        <line num="6" count="0" type="stmt"/>
        <line num="7" count="0" type="stmt"/>
      </file>
      <file name="types.ts" path="/Users/georgesomerville/dev/code-tests/react-audio/src/types.ts">
        <metrics statements="1" coveredstatements="0" conditionals="1" coveredconditionals="1" methods="1" coveredmethods="1"/>
        <line num="12" count="0" type="stmt"/>
      </file>
      <file name="utils.ts" path="/Users/georgesomerville/dev/code-tests/react-audio/src/utils.ts">
        <metrics statements="2" coveredstatements="2" conditionals="3" coveredconditionals="3" methods="1" coveredmethods="1"/>
        <line num="3" count="1" type="cond" truecount="1" falsecount="0"/>
        <line num="4" count="5" type="cond" truecount="2" falsecount="0"/>
      </file>
    </package>
    <package name="src.hooks">
      <metrics statements="32" coveredstatements="29" conditionals="6" coveredconditionals="4" methods="2" coveredmethods="2"/>
      <file name="useTranscript.tsx" path="/Users/georgesomerville/dev/code-tests/react-audio/src/hooks/useTranscript.tsx">
        <metrics statements="32" coveredstatements="29" conditionals="6" coveredconditionals="4" methods="2" coveredmethods="2"/>
        <line num="1" count="1" type="stmt"/>
        <line num="3" count="1" type="stmt"/>
        <line num="5" count="1" type="cond" truecount="1" falsecount="0"/>
        <line num="6" count="9" type="stmt"/>
        <line num="7" count="9" type="stmt"/>
        <line num="8" count="9" type="stmt"/>
        <line num="10" count="9" type="cond" truecount="1" falsecount="0"/>
        <line num="11" count="3" type="stmt"/>
        <line num="13" count="3" type="stmt"/>
        <line num="14" count="3" type="stmt"/>
        <line num="15" count="3" type="cond" truecount="0" falsecount="1"/>
        <line num="16" count="0" type="stmt"/>
        <line num="17" count="0" type="stmt"/>
        <line num="18" count="3" type="stmt"/>
        <line num="19" count="3" type="stmt"/>
        <line num="20" count="3" type="cond" truecount="0" falsecount="1"/>
        <line num="21" count="0" type="stmt"/>
        <line num="22" count="3" type="stmt"/>
        <line num="23" count="3" type="stmt"/>
        <line num="24" count="3" type="stmt"/>
        <line num="25" count="3" type="stmt"/>
        <line num="27" count="9" type="cond" truecount="1" falsecount="0"/>
        <line num="28" count="6" type="cond" truecount="1" falsecount="0"/>
        <line num="29" count="3" type="stmt"/>
        <line num="30" count="3" type="stmt"/>
        <line num="31" count="9" type="stmt"/>
        <line num="33" count="9" type="stmt"/>
        <line num="34" count="9" type="stmt"/>
        <line num="35" count="9" type="stmt"/>
        <line num="36" count="9" type="stmt"/>
        <line num="37" count="9" type="stmt"/>
        <line num="38" count="9" type="stmt"/>
      </file>
    </package>
  </project>
</coverage>
