{"/Users/georgesomerville/dev/code-tests/react-audio/src/App.tsx": {"path":"/Users/georgesomerville/dev/code-tests/react-audio/src/App.tsx","all":false,"statementMap":{"0":{"start":{"line":1,"column":0},"end":{"line":1,"column":19}},"6":{"start":{"line":7,"column":0},"end":{"line":7,"column":26}},"7":{"start":{"line":8,"column":0},"end":{"line":8,"column":51}},"8":{"start":{"line":9,"column":0},"end":{"line":9,"column":48}},"9":{"start":{"line":10,"column":0},"end":{"line":10,"column":65}},"10":{"start":{"line":11,"column":0},"end":{"line":11,"column":57}},"12":{"start":{"line":13,"column":0},"end":{"line":13,"column":51}},"13":{"start":{"line":14,"column":0},"end":{"line":14,"column":39}},"14":{"start":{"line":15,"column":0},"end":{"line":15,"column":27}},"16":{"start":{"line":17,"column":0},"end":{"line":17,"column":66}},"17":{"start":{"line":18,"column":0},"end":{"line":18,"column":40}},"18":{"start":{"line":19,"column":0},"end":{"line":19,"column":53}},"19":{"start":{"line":20,"column":0},"end":{"line":20,"column":29}},"21":{"start":{"line":22,"column":0},"end":{"line":22,"column":31}},"22":{"start":{"line":23,"column":0},"end":{"line":23,"column":27}},"23":{"start":{"line":24,"column":0},"end":{"line":24,"column":4}},"25":{"start":{"line":26,"column":0},"end":{"line":26,"column":80}},"26":{"start":{"line":27,"column":0},"end":{"line":27,"column":39}},"27":{"start":{"line":28,"column":0},"end":{"line":28,"column":36}},"29":{"start":{"line":30,"column":0},"end":{"line":30,"column":40}},"30":{"start":{"line":31,"column":0},"end":{"line":31,"column":51}},"31":{"start":{"line":32,"column":0},"end":{"line":32,"column":26}},"32":{"start":{"line":33,"column":0},"end":{"line":33,"column":36}},"34":{"start":{"line":35,"column":0},"end":{"line":35,"column":58}},"35":{"start":{"line":36,"column":0},"end":{"line":36,"column":58}},"37":{"start":{"line":38,"column":0},"end":{"line":38,"column":26}},"38":{"start":{"line":39,"column":0},"end":{"line":39,"column":39}},"39":{"start":{"line":40,"column":0},"end":{"line":40,"column":5}},"40":{"start":{"line":41,"column":0},"end":{"line":41,"column":4}},"42":{"start":{"line":43,"column":0},"end":{"line":43,"column":28}},"43":{"start":{"line":44,"column":0},"end":{"line":44,"column":39}},"44":{"start":{"line":45,"column":0},"end":{"line":45,"column":27}},"45":{"start":{"line":46,"column":0},"end":{"line":46,"column":35}},"47":{"start":{"line":48,"column":0},"end":{"line":48,"column":40}},"49":{"start":{"line":50,"column":0},"end":{"line":50,"column":67}},"50":{"start":{"line":51,"column":0},"end":{"line":51,"column":54}},"51":{"start":{"line":52,"column":0},"end":{"line":52,"column":39}},"52":{"start":{"line":53,"column":0},"end":{"line":53,"column":5}},"53":{"start":{"line":54,"column":0},"end":{"line":54,"column":4}},"55":{"start":{"line":56,"column":0},"end":{"line":56,"column":29}},"56":{"start":{"line":57,"column":0},"end":{"line":57,"column":39}},"57":{"start":{"line":58,"column":0},"end":{"line":58,"column":27}},"58":{"start":{"line":59,"column":0},"end":{"line":59,"column":36}},"60":{"start":{"line":61,"column":0},"end":{"line":61,"column":40}},"61":{"start":{"line":62,"column":0},"end":{"line":62,"column":4}},"63":{"start":{"line":64,"column":0},"end":{"line":64,"column":40}},"64":{"start":{"line":65,"column":0},"end":{"line":65,"column":19}},"65":{"start":{"line":66,"column":0},"end":{"line":66,"column":49}},"67":{"start":{"line":68,"column":0},"end":{"line":68,"column":108}},"69":{"start":{"line":70,"column":0},"end":{"line":70,"column":37}},"70":{"start":{"line":71,"column":0},"end":{"line":71,"column":24}},"72":{"start":{"line":73,"column":0},"end":{"line":73,"column":37}},"74":{"start":{"line":75,"column":0},"end":{"line":75,"column":43}},"76":{"start":{"line":77,"column":0},"end":{"line":77,"column":54}},"78":{"start":{"line":79,"column":0},"end":{"line":79,"column":36}},"80":{"start":{"line":81,"column":0},"end":{"line":81,"column":10}},"81":{"start":{"line":82,"column":0},"end":{"line":82,"column":44}},"82":{"start":{"line":83,"column":0},"end":{"line":83,"column":58}},"83":{"start":{"line":84,"column":0},"end":{"line":84,"column":64}},"84":{"start":{"line":85,"column":0},"end":{"line":85,"column":73}},"87":{"start":{"line":88,"column":0},"end":{"line":88,"column":12}},"88":{"start":{"line":89,"column":0},"end":{"line":89,"column":36}},"89":{"start":{"line":90,"column":0},"end":{"line":90,"column":54}},"90":{"start":{"line":91,"column":0},"end":{"line":91,"column":49}},"91":{"start":{"line":92,"column":0},"end":{"line":92,"column":33}},"92":{"start":{"line":93,"column":0},"end":{"line":93,"column":56}},"93":{"start":{"line":94,"column":0},"end":{"line":94,"column":72}},"94":{"start":{"line":95,"column":0},"end":{"line":95,"column":24}},"95":{"start":{"line":96,"column":0},"end":{"line":96,"column":21}},"96":{"start":{"line":97,"column":0},"end":{"line":97,"column":50}},"97":{"start":{"line":98,"column":0},"end":{"line":98,"column":89}},"98":{"start":{"line":99,"column":0},"end":{"line":99,"column":59}},"100":{"start":{"line":101,"column":0},"end":{"line":101,"column":94}},"103":{"start":{"line":104,"column":0},"end":{"line":104,"column":17}},"106":{"start":{"line":107,"column":0},"end":{"line":107,"column":34}},"107":{"start":{"line":108,"column":0},"end":{"line":108,"column":119}},"108":{"start":{"line":109,"column":0},"end":{"line":109,"column":102}},"111":{"start":{"line":112,"column":0},"end":{"line":112,"column":105}},"114":{"start":{"line":115,"column":0},"end":{"line":115,"column":16}},"115":{"start":{"line":116,"column":0},"end":{"line":116,"column":24}},"116":{"start":{"line":117,"column":0},"end":{"line":117,"column":31}},"117":{"start":{"line":118,"column":0},"end":{"line":118,"column":39}},"118":{"start":{"line":119,"column":0},"end":{"line":119,"column":19}},"119":{"start":{"line":120,"column":0},"end":{"line":120,"column":49}},"120":{"start":{"line":121,"column":0},"end":{"line":121,"column":29}},"121":{"start":{"line":122,"column":0},"end":{"line":122,"column":43}},"125":{"start":{"line":126,"column":0},"end":{"line":126,"column":125}},"126":{"start":{"line":127,"column":0},"end":{"line":127,"column":23}},"130":{"start":{"line":131,"column":0},"end":{"line":131,"column":2}},"132":{"start":{"line":133,"column":0},"end":{"line":133,"column":19}}},"s":{"0":1,"6":1,"7":17,"8":17,"9":17,"10":17,"12":17,"13":1,"14":1,"16":1,"17":1,"18":1,"19":1,"21":1,"22":1,"23":1,"25":17,"26":0,"27":0,"29":0,"30":0,"31":0,"32":0,"34":0,"35":0,"37":0,"38":0,"39":0,"40":0,"42":17,"43":0,"44":0,"45":0,"47":0,"49":0,"50":0,"51":0,"52":0,"53":0,"55":17,"56":0,"57":0,"58":0,"60":0,"61":0,"63":17,"64":17,"65":13,"67":1,"69":1,"70":17,"72":17,"74":17,"76":17,"78":11,"80":11,"81":11,"82":11,"83":11,"84":11,"87":11,"88":11,"89":11,"90":11,"91":11,"92":11,"93":1498,"94":1498,"95":1498,"96":1498,"97":1498,"98":1498,"100":1498,"103":1498,"106":17,"107":17,"108":17,"111":17,"114":17,"115":17,"116":17,"117":17,"118":17,"119":17,"120":17,"121":17,"125":17,"126":17,"130":17,"132":1},"branchMap":{"0":{"type":"branch","line":7,"loc":{"start":{"line":7,"column":19},"end":{"line":131,"column":2}},"locations":[{"start":{"line":7,"column":19},"end":{"line":131,"column":2}}]},"1":{"type":"branch","line":77,"loc":{"start":{"line":77,"column":7},"end":{"line":77,"column":20}},"locations":[{"start":{"line":77,"column":7},"end":{"line":77,"column":20}}]},"2":{"type":"branch","line":77,"loc":{"start":{"line":77,"column":28},"end":{"line":104,"column":17}},"locations":[{"start":{"line":77,"column":28},"end":{"line":104,"column":17}}]},"3":{"type":"branch","line":120,"loc":{"start":{"line":120,"column":33},"end":{"line":120,"column":47}},"locations":[{"start":{"line":120,"column":33},"end":{"line":120,"column":47}}]},"4":{"type":"branch","line":120,"loc":{"start":{"line":120,"column":35},"end":{"line":120,"column":49}},"locations":[{"start":{"line":120,"column":35},"end":{"line":120,"column":49}}]},"5":{"type":"branch","line":13,"loc":{"start":{"line":13,"column":27},"end":{"line":24,"column":4}},"locations":[{"start":{"line":13,"column":27},"end":{"line":24,"column":4}}]},"6":{"type":"branch","line":15,"loc":{"start":{"line":15,"column":20},"end":{"line":15,"column":27}},"locations":[{"start":{"line":15,"column":20},"end":{"line":15,"column":27}}]},"7":{"type":"branch","line":65,"loc":{"start":{"line":65,"column":12},"end":{"line":71,"column":5}},"locations":[{"start":{"line":65,"column":12},"end":{"line":71,"column":5}}]},"8":{"type":"branch","line":66,"loc":{"start":{"line":66,"column":22},"end":{"line":66,"column":42}},"locations":[{"start":{"line":66,"column":22},"end":{"line":66,"column":42}}]},"9":{"type":"branch","line":66,"loc":{"start":{"line":66,"column":42},"end":{"line":66,"column":49}},"locations":[{"start":{"line":66,"column":42},"end":{"line":66,"column":49}}]},"10":{"type":"branch","line":66,"loc":{"start":{"line":66,"column":42},"end":{"line":71,"column":5}},"locations":[{"start":{"line":66,"column":42},"end":{"line":71,"column":5}}]},"11":{"type":"branch","line":68,"loc":{"start":{"line":68,"column":45},"end":{"line":68,"column":106}},"locations":[{"start":{"line":68,"column":45},"end":{"line":68,"column":106}}]},"12":{"type":"branch","line":93,"loc":{"start":{"line":93,"column":25},"end":{"line":104,"column":17}},"locations":[{"start":{"line":93,"column":25},"end":{"line":104,"column":17}}]},"13":{"type":"branch","line":94,"loc":{"start":{"line":94,"column":38},"end":{"line":94,"column":61}},"locations":[{"start":{"line":94,"column":38},"end":{"line":94,"column":61}}]},"14":{"type":"branch","line":98,"loc":{"start":{"line":98,"column":33},"end":{"line":98,"column":76}},"locations":[{"start":{"line":98,"column":33},"end":{"line":98,"column":76}}]},"15":{"type":"branch","line":98,"loc":{"start":{"line":98,"column":49},"end":{"line":98,"column":89}},"locations":[{"start":{"line":98,"column":49},"end":{"line":98,"column":89}}]},"16":{"type":"branch","line":101,"loc":{"start":{"line":101,"column":34},"end":{"line":101,"column":72}},"locations":[{"start":{"line":101,"column":34},"end":{"line":101,"column":72}}]},"17":{"type":"branch","line":101,"loc":{"start":{"line":101,"column":50},"end":{"line":101,"column":76}},"locations":[{"start":{"line":101,"column":50},"end":{"line":101,"column":76}}]},"18":{"type":"branch","line":99,"loc":{"start":{"line":99,"column":29},"end":{"line":99,"column":59}},"locations":[{"start":{"line":99,"column":29},"end":{"line":99,"column":59}}]}},"b":{"0":[17],"1":[9],"2":[11],"3":[2],"4":[8],"5":[1],"6":[0],"7":[13],"8":[1],"9":[12],"10":[1],"11":[1],"12":[1498],"13":[4],"14":[2],"15":[1496],"16":[2],"17":[1496],"18":[1]},"fnMap":{"0":{"name":"App","decl":{"start":{"line":7,"column":19},"end":{"line":131,"column":2}},"loc":{"start":{"line":7,"column":19},"end":{"line":131,"column":2}},"line":7},"1":{"name":"handleBlockClick","decl":{"start":{"line":13,"column":27},"end":{"line":24,"column":4}},"loc":{"start":{"line":13,"column":27},"end":{"line":24,"column":4}},"line":13},"2":{"name":"handleScrubberChange","decl":{"start":{"line":26,"column":31},"end":{"line":41,"column":4}},"loc":{"start":{"line":26,"column":31},"end":{"line":41,"column":4}},"line":26},"3":{"name":"togglePlay","decl":{"start":{"line":43,"column":21},"end":{"line":54,"column":4}},"loc":{"start":{"line":43,"column":21},"end":{"line":54,"column":4}},"line":43},"4":{"name":"togglePause","decl":{"start":{"line":56,"column":22},"end":{"line":62,"column":4}},"loc":{"start":{"line":56,"column":22},"end":{"line":62,"column":4}},"line":56},"5":{"name":"onClick","decl":{"start":{"line":99,"column":29},"end":{"line":99,"column":59}},"loc":{"start":{"line":99,"column":29},"end":{"line":99,"column":59}},"line":99}},"f":{"0":17,"1":1,"2":0,"3":0,"4":0,"5":1}}
,"/Users/georgesomerville/dev/code-tests/react-audio/src/main.tsx": {"path":"/Users/georgesomerville/dev/code-tests/react-audio/src/main.tsx","all":true,"statementMap":{"0":{"start":{"line":1,"column":0},"end":{"line":1,"column":35}},"1":{"start":{"line":2,"column":0},"end":{"line":2,"column":46}},"2":{"start":{"line":3,"column":0},"end":{"line":3,"column":32}},"4":{"start":{"line":5,"column":0},"end":{"line":5,"column":52}},"5":{"start":{"line":6,"column":0},"end":{"line":6,"column":14}},"6":{"start":{"line":7,"column":0},"end":{"line":7,"column":11}}},"s":{"0":0,"1":0,"2":0,"4":0,"5":0,"6":0},"branchMap":{"0":{"type":"branch","line":1,"loc":{"start":{"line":1,"column":216},"end":{"line":9,"column":2}},"locations":[{"start":{"line":1,"column":216},"end":{"line":9,"column":2}}]}},"b":{"0":[0]},"fnMap":{"0":{"name":"(empty-report)","decl":{"start":{"line":1,"column":216},"end":{"line":9,"column":2}},"loc":{"start":{"line":1,"column":216},"end":{"line":9,"column":2}},"line":1}},"f":{"0":0}}
,"/Users/georgesomerville/dev/code-tests/react-audio/src/types.ts": {"path":"/Users/georgesomerville/dev/code-tests/react-audio/src/types.ts","all":true,"statementMap":{"11":{"start":{"line":12,"column":0},"end":{"line":12,"column":2}}},"s":{"11":0},"branchMap":{"0":{"type":"branch","line":1,"loc":{"start":{"line":1,"column":178},"end":{"line":12,"column":2}},"locations":[{"start":{"line":1,"column":178},"end":{"line":12,"column":2}}]}},"b":{"0":[1]},"fnMap":{"0":{"name":"(empty-report)","decl":{"start":{"line":1,"column":178},"end":{"line":12,"column":2}},"loc":{"start":{"line":1,"column":178},"end":{"line":12,"column":2}},"line":1}},"f":{"0":1}}
,"/Users/georgesomerville/dev/code-tests/react-audio/src/utils.ts": {"path":"/Users/georgesomerville/dev/code-tests/react-audio/src/utils.ts","all":false,"statementMap":{"2":{"start":{"line":3,"column":0},"end":{"line":3,"column":89}},"3":{"start":{"line":4,"column":0},"end":{"line":4,"column":82}}},"s":{"2":1,"3":5},"branchMap":{"0":{"type":"branch","line":3,"loc":{"start":{"line":3,"column":30},"end":{"line":4,"column":82}},"locations":[{"start":{"line":3,"column":30},"end":{"line":4,"column":82}}]},"1":{"type":"branch","line":4,"loc":{"start":{"line":4,"column":19},"end":{"line":4,"column":80}},"locations":[{"start":{"line":4,"column":19},"end":{"line":4,"column":80}}]},"2":{"type":"branch","line":4,"loc":{"start":{"line":4,"column":54},"end":{"line":4,"column":80}},"locations":[{"start":{"line":4,"column":54},"end":{"line":4,"column":80}}]}},"b":{"0":[5],"1":[12],"2":[9]},"fnMap":{"0":{"name":"findAudioBlock","decl":{"start":{"line":3,"column":30},"end":{"line":4,"column":82}},"loc":{"start":{"line":3,"column":30},"end":{"line":4,"column":82}},"line":3}},"f":{"0":5}}
,"/Users/georgesomerville/dev/code-tests/react-audio/src/hooks/useTranscript.tsx": {"path":"/Users/georgesomerville/dev/code-tests/react-audio/src/hooks/useTranscript.tsx","all":false,"statementMap":{"0":{"start":{"line":1,"column":0},"end":{"line":1,"column":44}},"2":{"start":{"line":3,"column":0},"end":{"line":3,"column":110}},"4":{"start":{"line":5,"column":0},"end":{"line":5,"column":36}},"5":{"start":{"line":6,"column":0},"end":{"line":6,"column":48}},"6":{"start":{"line":7,"column":0},"end":{"line":7,"column":58}},"7":{"start":{"line":8,"column":0},"end":{"line":8,"column":55}},"9":{"start":{"line":10,"column":0},"end":{"line":10,"column":39}},"10":{"start":{"line":11,"column":0},"end":{"line":11,"column":21}},"12":{"start":{"line":13,"column":0},"end":{"line":13,"column":9}},"13":{"start":{"line":14,"column":0},"end":{"line":14,"column":40}},"14":{"start":{"line":15,"column":0},"end":{"line":15,"column":25}},"15":{"start":{"line":16,"column":0},"end":{"line":16,"column":54}},"16":{"start":{"line":17,"column":0},"end":{"line":17,"column":7}},"17":{"start":{"line":18,"column":0},"end":{"line":18,"column":43}},"18":{"start":{"line":19,"column":0},"end":{"line":19,"column":22}},"19":{"start":{"line":20,"column":0},"end":{"line":20,"column":28}},"20":{"start":{"line":21,"column":0},"end":{"line":21,"column":69}},"21":{"start":{"line":22,"column":0},"end":{"line":22,"column":15}},"22":{"start":{"line":23,"column":0},"end":{"line":23,"column":24}},"23":{"start":{"line":24,"column":0},"end":{"line":24,"column":5}},"24":{"start":{"line":25,"column":0},"end":{"line":25,"column":4}},"26":{"start":{"line":27,"column":0},"end":{"line":27,"column":19}},"27":{"start":{"line":28,"column":0},"end":{"line":28,"column":16}},"28":{"start":{"line":29,"column":0},"end":{"line":29,"column":24}},"29":{"start":{"line":30,"column":0},"end":{"line":30,"column":5}},"30":{"start":{"line":31,"column":0},"end":{"line":31,"column":13}},"32":{"start":{"line":33,"column":0},"end":{"line":33,"column":10}},"33":{"start":{"line":34,"column":0},"end":{"line":34,"column":12}},"34":{"start":{"line":35,"column":0},"end":{"line":35,"column":10}},"35":{"start":{"line":36,"column":0},"end":{"line":36,"column":9}},"36":{"start":{"line":37,"column":0},"end":{"line":37,"column":4}},"37":{"start":{"line":38,"column":0},"end":{"line":38,"column":2}}},"s":{"0":1,"2":1,"4":1,"5":9,"6":9,"7":9,"9":9,"10":3,"12":3,"13":3,"14":3,"15":0,"16":0,"17":3,"18":3,"19":3,"20":0,"21":3,"22":3,"23":3,"24":3,"26":9,"27":6,"28":3,"29":3,"30":9,"32":9,"33":9,"34":9,"35":9,"36":9,"37":9},"branchMap":{"0":{"type":"branch","line":5,"loc":{"start":{"line":5,"column":29},"end":{"line":38,"column":2}},"locations":[{"start":{"line":5,"column":29},"end":{"line":38,"column":2}}]},"1":{"type":"branch","line":10,"loc":{"start":{"line":10,"column":26},"end":{"line":25,"column":4}},"locations":[{"start":{"line":10,"column":26},"end":{"line":25,"column":4}}]},"2":{"type":"branch","line":15,"loc":{"start":{"line":15,"column":24},"end":{"line":17,"column":7}},"locations":[{"start":{"line":15,"column":24},"end":{"line":17,"column":7}}]},"3":{"type":"branch","line":20,"loc":{"start":{"line":20,"column":6},"end":{"line":22,"column":14}},"locations":[{"start":{"line":20,"column":6},"end":{"line":22,"column":14}}]},"4":{"type":"branch","line":27,"loc":{"start":{"line":27,"column":12},"end":{"line":31,"column":5}},"locations":[{"start":{"line":27,"column":12},"end":{"line":31,"column":5}}]},"5":{"type":"branch","line":28,"loc":{"start":{"line":28,"column":15},"end":{"line":30,"column":5}},"locations":[{"start":{"line":28,"column":15},"end":{"line":30,"column":5}}]}},"b":{"0":[9],"1":[3],"2":[0],"3":[0],"4":[6],"5":[3]},"fnMap":{"0":{"name":"useTranscript","decl":{"start":{"line":5,"column":29},"end":{"line":38,"column":2}},"loc":{"start":{"line":5,"column":29},"end":{"line":38,"column":2}},"line":5},"1":{"name":"fetchTranscript","decl":{"start":{"line":10,"column":26},"end":{"line":25,"column":4}},"loc":{"start":{"line":10,"column":26},"end":{"line":25,"column":4}},"line":10}},"f":{"0":9,"1":3}}
}
